Traceback (most recent call last):
  File "/home/linares/miniconda3/envs/echem/lib/python3.12/site-packages/jupyter_cache/executors/utils.py", line 58, in single_nb_execution
    executenb(
  File "/home/linares/miniconda3/envs/echem/lib/python3.12/site-packages/nbclient/client.py", line 1319, in execute
    return NotebookClient(nb=nb, resources=resources, km=km, **kwargs).execute()
           ^^^^^^^^^^^^^^^^^^^^^^^^^^^^^^^^^^^^^^^^^^^^^^^^^^^^^^^^^^^^^^^^^^^^^
  File "/home/linares/miniconda3/envs/echem/lib/python3.12/site-packages/jupyter_core/utils/__init__.py", line 165, in wrapped
    return loop.run_until_complete(inner)
           ^^^^^^^^^^^^^^^^^^^^^^^^^^^^^^
  File "/home/linares/miniconda3/envs/echem/lib/python3.12/asyncio/base_events.py", line 686, in run_until_complete
    return future.result()
           ^^^^^^^^^^^^^^^
  File "/home/linares/miniconda3/envs/echem/lib/python3.12/site-packages/nbclient/client.py", line 709, in async_execute
    await self.async_execute_cell(
  File "/home/linares/miniconda3/envs/echem/lib/python3.12/site-packages/nbclient/client.py", line 1062, in async_execute_cell
    await self._check_raise_for_error(cell, cell_index, exec_reply)
  File "/home/linares/miniconda3/envs/echem/lib/python3.12/site-packages/nbclient/client.py", line 918, in _check_raise_for_error
    raise CellExecutionError.from_cell_and_msg(cell, exec_reply_content)
nbclient.exceptions.CellExecutionError: An error occurred while executing the following cell:
------------------
prop = vlx.Absorption()
prop.init_driver()

prop.print_keywords()
------------------


[0;31m---------------------------------------------------------------------------[0m
[0;31mKeyError[0m                                  Traceback (most recent call last)
Cell [0;32mIn[3], line 4[0m
[1;32m      1[0m prop [38;5;241m=[39m vlx[38;5;241m.[39mAbsorption()
[1;32m      2[0m prop[38;5;241m.[39minit_driver()
[0;32m----> 4[0m [43mprop[49m[38;5;241;43m.[39;49m[43mprint_keywords[49m[43m([49m[43m)[49m

File [0;32m~/miniconda3/envs/echem/lib/python3.12/site-packages/veloxchem/rspproperty.py:239[0m, in [0;36mResponseProperty.print_keywords[0;34m(self)[0m
[1;32m    231[0m [38;5;250m[39m[38;5;124;03m"""[39;00m
[1;32m    232[0m [38;5;124;03mPrints input keywords for response property.[39;00m
[1;32m    233[0m [38;5;124;03m"""[39;00m
[1;32m    235[0m assert_msg_critical(
[1;32m    236[0m     [38;5;28mself[39m[38;5;241m.[39m_rsp_driver [38;5;129;01mis[39;00m [38;5;129;01mnot[39;00m [38;5;28;01mNone[39;00m,
[1;32m    237[0m     [38;5;124m'[39m[38;5;124mResponseProperty: response driver not initialized[39m[38;5;124m'[39m)
[0;32m--> 239[0m [38;5;28;43mself[39;49m[38;5;241;43m.[39;49m[43m_rsp_driver[49m[38;5;241;43m.[39;49m[43mprint_keywords[49m[43m([49m[43m)[49m

File [0;32m~/miniconda3/envs/echem/lib/python3.12/site-packages/veloxchem/linearsolver.py:274[0m, in [0;36mLinearSolver.print_keywords[0;34m(self)[0m
[1;32m    269[0m [38;5;28;01mdef[39;00m[38;5;250m [39m[38;5;21mprint_keywords[39m([38;5;28mself[39m):
[1;32m    270[0m [38;5;250m    [39m[38;5;124;03m"""[39;00m
[1;32m    271[0m [38;5;124;03m    Prints input keywords in linear solver.[39;00m
[1;32m    272[0m [38;5;124;03m    """[39;00m
[0;32m--> 274[0m     [43mprint_keywords[49m[43m([49m[38;5;28;43mself[39;49m[38;5;241;43m.[39;49m[43m_input_keywords[49m[43m,[49m[43m [49m[38;5;28;43mself[39;49m[38;5;241;43m.[39;49m[43mostream[49m[43m)[49m

File [0;32m~/miniconda3/envs/echem/lib/python3.12/site-packages/veloxchem/inputparser.py:453[0m, in [0;36mprint_keywords[0;34m(input_keywords, ostream)[0m
[1;32m    451[0m     [38;5;28;01mcontinue[39;00m
[1;32m    452[0m text [38;5;241m=[39m [38;5;124mf[39m[38;5;124m'[39m[38;5;124m  [39m[38;5;132;01m{[39;00mkey[38;5;132;01m}[39;00m[38;5;124m'[39m[38;5;241m.[39mljust([38;5;241m30[39m)
[0;32m--> 453[0m text [38;5;241m+[39m[38;5;241m=[39m [38;5;124mf[39m[38;5;124m'[39m[38;5;124m  [39m[38;5;132;01m{[39;00m[43mget_keyword_type[49m[43m([49m[43mval[49m[43m[[49m[38;5;241;43m0[39;49m[43m][49m[43m)[49m[38;5;132;01m}[39;00m[38;5;124m'[39m[38;5;241m.[39mljust([38;5;241m15[39m)
[1;32m    454[0m text [38;5;241m+[39m[38;5;241m=[39m [38;5;124mf[39m[38;5;124m'[39m[38;5;124m  [39m[38;5;132;01m{[39;00mval[[38;5;241m1[39m][38;5;132;01m}[39;00m[38;5;124m'[39m[38;5;241m.[39mljust(width [38;5;241m-[39m [38;5;241m45[39m)
[1;32m    455[0m ostream[38;5;241m.[39mprint_header(text)

File [0;32m~/miniconda3/envs/echem/lib/python3.12/site-packages/veloxchem/inputparser.py:494[0m, in [0;36mget_keyword_type[0;34m(keyword_type)[0m
[1;32m    479[0m [38;5;28;01mdef[39;00m[38;5;250m [39m[38;5;21mget_keyword_type[39m(keyword_type):
[1;32m    480[0m [38;5;250m    [39m[38;5;124;03m"""[39;00m
[1;32m    481[0m [38;5;124;03m    Gets keyword type for printing.[39;00m
[1;32m    482[0m [38;5;124;03m        - 'str', 'str_upper', 'str_lower' -> 'string'[39;00m
[0;32m   (...)[0m
[1;32m    491[0m [38;5;124;03m        The keyword type for printing.[39;00m
[1;32m    492[0m [38;5;124;03m    """[39;00m
[0;32m--> 494[0m     [38;5;28;01mreturn[39;00m [43m{[49m
[1;32m    495[0m [43m        [49m[38;5;124;43m'[39;49m[38;5;124;43mstr[39;49m[38;5;124;43m'[39;49m[43m:[49m[43m [49m[38;5;124;43m'[39;49m[38;5;124;43mstring[39;49m[38;5;124;43m'[39;49m[43m,[49m
[1;32m    496[0m [43m        [49m[38;5;124;43m'[39;49m[38;5;124;43mstr_upper[39;49m[38;5;124;43m'[39;49m[43m:[49m[43m [49m[38;5;124;43m'[39;49m[38;5;124;43mstring[39;49m[38;5;124;43m'[39;49m[43m,[49m
[1;32m    497[0m [43m        [49m[38;5;124;43m'[39;49m[38;5;124;43mstr_lower[39;49m[38;5;124;43m'[39;49m[43m:[49m[43m [49m[38;5;124;43m'[39;49m[38;5;124;43mstring[39;49m[38;5;124;43m'[39;49m[43m,[49m
[1;32m    498[0m [43m        [49m[38;5;124;43m'[39;49m[38;5;124;43mint[39;49m[38;5;124;43m'[39;49m[43m:[49m[43m [49m[38;5;124;43m'[39;49m[38;5;124;43minteger[39;49m[38;5;124;43m'[39;49m[43m,[49m
[1;32m    499[0m [43m        [49m[38;5;124;43m'[39;49m[38;5;124;43mfloat[39;49m[38;5;124;43m'[39;49m[43m:[49m[43m [49m[38;5;124;43m'[39;49m[38;5;124;43mfloat[39;49m[38;5;124;43m'[39;49m[43m,[49m
[1;32m    500[0m [43m        [49m[38;5;124;43m'[39;49m[38;5;124;43mbool[39;49m[38;5;124;43m'[39;49m[43m:[49m[43m [49m[38;5;124;43m'[39;49m[38;5;124;43mboolean[39;49m[38;5;124;43m'[39;49m[43m,[49m
[1;32m    501[0m [43m        [49m[38;5;124;43m'[39;49m[38;5;124;43mlist[39;49m[38;5;124;43m'[39;49m[43m:[49m[43m [49m[38;5;124;43m'[39;49m[38;5;124;43mmulti-line[39;49m[38;5;124;43m'[39;49m[43m,[49m
[1;32m    502[0m [43m        [49m[38;5;124;43m'[39;49m[38;5;124;43mseq_fixed_str[39;49m[38;5;124;43m'[39;49m[43m:[49m[43m [49m[38;5;124;43m'[39;49m[38;5;124;43msequence[39;49m[38;5;124;43m'[39;49m[43m,[49m
[1;32m    503[0m [43m        [49m[38;5;124;43m'[39;49m[38;5;124;43mseq_fixed_int[39;49m[38;5;124;43m'[39;49m[43m:[49m[43m [49m[38;5;124;43m'[39;49m[38;5;124;43msequence[39;49m[38;5;124;43m'[39;49m[43m,[49m
[1;32m    504[0m [43m        [49m[38;5;124;43m'[39;49m[38;5;124;43mseq_fixed[39;49m[38;5;124;43m'[39;49m[43m:[49m[43m [49m[38;5;124;43m'[39;49m[38;5;124;43msequence[39;49m[38;5;124;43m'[39;49m[43m,[49m
[1;32m    505[0m [43m        [49m[38;5;124;43m'[39;49m[38;5;124;43mseq_range[39;49m[38;5;124;43m'[39;49m[43m:[49m[43m [49m[38;5;124;43m'[39;49m[38;5;124;43msequence[39;49m[38;5;124;43m'[39;49m[43m,[49m
[1;32m    506[0m [43m    [49m[43m}[49m[43m[[49m[43mkeyword_type[49m[43m][49m

[0;31mKeyError[0m: 'dict'

