Traceback (most recent call last):
  File "/home/xinli/anaconda3/envs/echem/lib/python3.7/site-packages/jupyter_cache/executors/utils.py", line 56, in single_nb_execution
    record_timing=False,
  File "/home/xinli/anaconda3/envs/echem/lib/python3.7/site-packages/nbclient/client.py", line 1117, in execute
    return NotebookClient(nb=nb, resources=resources, km=km, **kwargs).execute()
  File "/home/xinli/anaconda3/envs/echem/lib/python3.7/site-packages/nbclient/util.py", line 78, in wrapped
    return just_run(coro(*args, **kwargs))
  File "/home/xinli/anaconda3/envs/echem/lib/python3.7/site-packages/nbclient/util.py", line 57, in just_run
    return loop.run_until_complete(coro)
  File "/home/xinli/anaconda3/envs/echem/lib/python3.7/asyncio/base_events.py", line 587, in run_until_complete
    return future.result()
  File "/home/xinli/anaconda3/envs/echem/lib/python3.7/site-packages/nbclient/client.py", line 559, in async_execute
    cell, index, execution_count=self.code_cells_executed + 1
  File "/home/xinli/anaconda3/envs/echem/lib/python3.7/site-packages/nbclient/client.py", line 862, in async_execute_cell
    self._check_raise_for_error(cell, exec_reply)
  File "/home/xinli/anaconda3/envs/echem/lib/python3.7/site-packages/nbclient/client.py", line 765, in _check_raise_for_error
    raise CellExecutionError.from_cell_and_msg(cell, exec_reply_content)
nbclient.exceptions.CellExecutionError: An error occurred while executing the following cell:
------------------
scf_drv = vlx.ScfRestrictedDriver()

scf_drv.print_keywords()
------------------

[0;31m---------------------------------------------------------------------------[0m
[0;31mAttributeError[0m                            Traceback (most recent call last)
[0;32m/tmp/ipykernel_16562/3255228417.py[0m in [0;36m<module>[0;34m[0m
[1;32m      1[0m [0mscf_drv[0m [0;34m=[0m [0mvlx[0m[0;34m.[0m[0mScfRestrictedDriver[0m[0;34m([0m[0;34m)[0m[0;34m[0m[0;34m[0m[0m
[1;32m      2[0m [0;34m[0m[0m
[0;32m----> 3[0;31m [0mscf_drv[0m[0;34m.[0m[0mprint_keywords[0m[0;34m([0m[0;34m)[0m[0;34m[0m[0;34m[0m[0m
[0m
[0;31mAttributeError[0m: 'ScfRestrictedDriver' object has no attribute 'print_keywords'
AttributeError: 'ScfRestrictedDriver' object has no attribute 'print_keywords'

